<?xml version="1.0" encoding="UTF-8"?>
<!-- Generated by org.testng.reporters.JUnitReportReporter -->
<testsuite hostname="EERO" failures="0" tests="2" name="Project1.tests.SubmitOrderTest" time="18.062" errors="0" timestamp="2024-04-29T19:33:29 IST" skipped="0">
  <testcase classname="Project1.tests.SubmitOrderTest" name="submitOrder" time="8.434"/>
  <system-out/>
  <testcase classname="Project1.tests.SubmitOrderTest" name="submitOrder" time="9.628"/>
  <system-out/>
</testsuite> <!-- Project1.tests.SubmitOrderTest -->
