<?xml version="1.0" encoding="UTF-8"?>
<!-- Generated by org.testng.reporters.JUnitReportReporter -->
<testsuite hostname="EERO" failures="0" tests="1" name="Project2.StreamPractice" time="0.215" errors="0" timestamp="2024-01-27T19:26:18 IST" skipped="0">
  <testcase classname="Project2.StreamPractice" name="practice1" time="0.215"/>
  <system-out/>
</testsuite> <!-- Project2.StreamPractice -->
