<?xml version="1.0" encoding="UTF-8"?>
<!-- Generated by org.testng.reporters.JUnitReportReporter -->
<testsuite hostname="EERO" failures="0" tests="2" name="Project1.tests.ErrorValidationTest" time="11.409" errors="0" timestamp="2024-04-29T16:30:35 IST" skipped="0">
  <testcase classname="Project1.tests.ErrorValidationTest" name="productErrorValidation" time="8.213"/>
  <system-out/>
  <testcase classname="Project1.tests.ErrorValidationTest" name="errorValidation" time="3.196"/>
  <system-out/>
</testsuite> <!-- Project1.tests.ErrorValidationTest -->
