<?xml version="1.0" encoding="UTF-8"?>
<!-- Generated by org.testng.reporters.JUnitReportReporter -->
<testsuite hostname="EERO" failures="0" tests="2" name="Project1.tests.SubmitOrderTest" time="23.804" errors="0" timestamp="2024-05-02T19:26:21 IST" skipped="0">
  <testcase classname="Project1.tests.SubmitOrderTest" name="submitOrder" time="11.535"/>
  <testcase classname="Project1.tests.SubmitOrderTest" name="submitOrder" time="12.269"/>
</testsuite> <!-- Project1.tests.SubmitOrderTest -->
