<?xml version="1.0" encoding="UTF-8"?>
<!-- Generated by org.testng.reporters.JUnitReportReporter -->
<testsuite hostname="EERO" failures="0" tests="2" name="Project1.tests.ErrorValidationTest" time="12.658" errors="0" timestamp="2024-04-30T20:41:12 IST" skipped="0">
  <testcase classname="Project1.tests.ErrorValidationTest" name="errorValidation" time="3.155"/>
  <testcase classname="Project1.tests.ErrorValidationTest" name="productErrorValidation" time="9.503"/>
</testsuite> <!-- Project1.tests.ErrorValidationTest -->
